<?xml version="1.0" encoding="UTF-8"?>
<testsuite name="com.example.wantedmarket.trade.application.TradeServiceTest" tests="3" skipped="0" failures="0" errors="0" timestamp="2024-05-24T10:46:14" hostname="kimjinho-MacBookAir.local" time="0.542">
  <properties/>
  <testcase name="구매자가 예약하면 거래가 시작되어야 함" classname="com.example.wantedmarket.trade.application.TradeServiceTest" time="0.52"/>
  <testcase name="없는 상품을 거래하는 경우 예외가 발생해야 함" classname="com.example.wantedmarket.trade.application.TradeServiceTest" time="0.011"/>
  <testcase name="없는 유저가 거래하는 경우 예외가 발생해야 함" classname="com.example.wantedmarket.trade.application.TradeServiceTest" time="0.008"/>
  <system-out><![CDATA[?[2m2024-05-24T19:46:14.174+09:00?[0;39m ?[32m INFO?[0;39m ?[35m87756?[0;39m ?[2m---?[0;39m ?[2m[wanted-market] [    Test worker]?[0;39m ?[2m?[0;39m?[36mt.c.s.AnnotationConfigContextLoaderUtils?[0;39m ?[2m:?[0;39m Could not detect default configuration classes for test class [com.example.wantedmarket.trade.application.TradeServiceTest]: TradeServiceTest does not declare any static, non-private, non-final, nested classes annotated with @Configuration.
?[2m2024-05-24T19:46:14.186+09:00?[0;39m ?[32m INFO?[0;39m ?[35m87756?[0;39m ?[2m---?[0;39m ?[2m[wanted-market] [    Test worker]?[0;39m ?[2m?[0;39m?[36m.b.t.c.SpringBootTestContextBootstrapper?[0;39m ?[2m:?[0;39m Found @SpringBootConfiguration com.example.wantedmarket.WantedMarketApplication for test class com.example.wantedmarket.trade.application.TradeServiceTest
]]></system-out>
  <system-err><![CDATA[]]></system-err>
</testsuite>
