<?xml version="1.0" encoding="UTF-8"?>
<testsuite name="com.example.wantedmarket.trade.ui.TradeControllerTest" tests="4" skipped="0" failures="0" errors="0" timestamp="2024-05-24T10:46:14" hostname="kimjinho-MacBookAir.local" time="0.043">
  <properties/>
  <testcase name="예약에 성공하면 200을 리턴해야 함" classname="com.example.wantedmarket.trade.ui.TradeControllerTest" time="0.016"/>
  <testcase name="비회원이 제품을 예약하면 400을 리턴해야 함" classname="com.example.wantedmarket.trade.ui.TradeControllerTest" time="0.006"/>
  <testcase name="없는 제품을 예약하면 400을 리턴해야 함" classname="com.example.wantedmarket.trade.ui.TradeControllerTest" time="0.007"/>
  <testcase name="없는 유저가 예약하면 400을 리턴해야 함" classname="com.example.wantedmarket.trade.ui.TradeControllerTest" time="0.007"/>
  <system-out><![CDATA[?[2m2024-05-24T19:46:14.742+09:00?[0;39m ?[32m INFO?[0;39m ?[35m87756?[0;39m ?[2m---?[0;39m ?[2m[wanted-market] [    Test worker]?[0;39m ?[2m?[0;39m?[36mt.c.s.AnnotationConfigContextLoaderUtils?[0;39m ?[2m:?[0;39m Could not detect default configuration classes for test class [com.example.wantedmarket.trade.ui.TradeControllerTest]: TradeControllerTest does not declare any static, non-private, non-final, nested classes annotated with @Configuration.
?[2m2024-05-24T19:46:14.764+09:00?[0;39m ?[32m INFO?[0;39m ?[35m87756?[0;39m ?[2m---?[0;39m ?[2m[wanted-market] [    Test worker]?[0;39m ?[2m?[0;39m?[36m.b.t.c.SpringBootTestContextBootstrapper?[0;39m ?[2m:?[0;39m Found @SpringBootConfiguration com.example.wantedmarket.WantedMarketApplication for test class com.example.wantedmarket.trade.ui.TradeControllerTest
]]></system-out>
  <system-err><![CDATA[]]></system-err>
</testsuite>
