<?xml version="1.0" encoding="UTF-8"?>
<testsuite name="com.example.wantedmarket.auth.application.AuthServiceTest" tests="2" skipped="0" failures="0" errors="0" timestamp="2024-05-24T10:46:12" hostname="kimjinho-MacBookAir.local" time="0.437">
  <properties/>
  <testcase name="회원가입 해야 함" classname="com.example.wantedmarket.auth.application.AuthServiceTest" time="0.42"/>
  <testcase name="회원가입할 때 이미 존재하는 유저이름인 경우 예외가 발생해야 함" classname="com.example.wantedmarket.auth.application.AuthServiceTest" time="0.016"/>
  <system-out><![CDATA[?[2m2024-05-24T19:46:12.355+09:00?[0;39m ?[32m INFO?[0;39m ?[35m87756?[0;39m ?[2m---?[0;39m ?[2m[wanted-market] [    Test worker]?[0;39m ?[2m?[0;39m?[36mt.c.s.AnnotationConfigContextLoaderUtils?[0;39m ?[2m:?[0;39m Could not detect default configuration classes for test class [com.example.wantedmarket.auth.application.AuthServiceTest]: AuthServiceTest does not declare any static, non-private, non-final, nested classes annotated with @Configuration.
?[2m2024-05-24T19:46:12.370+09:00?[0;39m ?[32m INFO?[0;39m ?[35m87756?[0;39m ?[2m---?[0;39m ?[2m[wanted-market] [    Test worker]?[0;39m ?[2m?[0;39m?[36m.b.t.c.SpringBootTestContextBootstrapper?[0;39m ?[2m:?[0;39m Found @SpringBootConfiguration com.example.wantedmarket.WantedMarketApplication for test class com.example.wantedmarket.auth.application.AuthServiceTest
]]></system-out>
  <system-err><![CDATA[]]></system-err>
</testsuite>
