<?xml version="1.0" encoding="UTF-8"?>
<testsuite name="com.example.wantedmarket.product.ui.ProductControllerTest" tests="5" skipped="0" failures="0" errors="0" timestamp="2024-05-24T10:46:14" hostname="kimjinho-MacBookAir.local" time="0.072">
  <properties/>
  <testcase name="비회원이 제품을 등록하면 400을 리턴해야 함" classname="com.example.wantedmarket.product.ui.ProductControllerTest" time="0.015"/>
  <testcase name="없는 유저가 제품을 등록하면 400을 리턴해야 함" classname="com.example.wantedmarket.product.ui.ProductControllerTest" time="0.013"/>
  <testcase name="제품을 상세조회하면 200과 상세 내용을 리턴해야 함" classname="com.example.wantedmarket.product.ui.ProductControllerTest" time="0.01"/>
  <testcase name="없는 유저가 제품을 등록하면 400을 리턴해야 함" classname="com.example.wantedmarket.product.ui.ProductControllerTest" time="0.015"/>
  <testcase name="제품을 등록하면 200을 리턴해야 함" classname="com.example.wantedmarket.product.ui.ProductControllerTest" time="0.009"/>
  <system-out><![CDATA[?[2m2024-05-24T19:46:14.062+09:00?[0;39m ?[32m INFO?[0;39m ?[35m87756?[0;39m ?[2m---?[0;39m ?[2m[wanted-market] [    Test worker]?[0;39m ?[2m?[0;39m?[36mt.c.s.AnnotationConfigContextLoaderUtils?[0;39m ?[2m:?[0;39m Could not detect default configuration classes for test class [com.example.wantedmarket.product.ui.ProductControllerTest]: ProductControllerTest does not declare any static, non-private, non-final, nested classes annotated with @Configuration.
?[2m2024-05-24T19:46:14.093+09:00?[0;39m ?[32m INFO?[0;39m ?[35m87756?[0;39m ?[2m---?[0;39m ?[2m[wanted-market] [    Test worker]?[0;39m ?[2m?[0;39m?[36m.b.t.c.SpringBootTestContextBootstrapper?[0;39m ?[2m:?[0;39m Found @SpringBootConfiguration com.example.wantedmarket.WantedMarketApplication for test class com.example.wantedmarket.product.ui.ProductControllerTest
]]></system-out>
  <system-err><![CDATA[]]></system-err>
</testsuite>
