<?xml version="1.0" encoding="UTF-8"?>
<testsuite name="com.example.wantedmarket.auth.ui.AuthControllerTest" tests="2" skipped="0" failures="0" errors="0" timestamp="2024-05-24T10:46:13" hostname="kimjinho-MacBookAir.local" time="0.234">
  <properties/>
  <testcase name="회원가입에 성공하면 200과 유저 id를 리턴해야 함" classname="com.example.wantedmarket.auth.ui.AuthControllerTest" time="0.22"/>
  <testcase name="회원가입에 실패하면 400을 리턴해야 함" classname="com.example.wantedmarket.auth.ui.AuthControllerTest" time="0.011"/>
  <system-out><![CDATA[?[2m2024-05-24T19:46:12.822+09:00?[0;39m ?[32m INFO?[0;39m ?[35m87756?[0;39m ?[2m---?[0;39m ?[2m[wanted-market] [    Test worker]?[0;39m ?[2m?[0;39m?[36mt.c.s.AnnotationConfigContextLoaderUtils?[0;39m ?[2m:?[0;39m Could not detect default configuration classes for test class [com.example.wantedmarket.auth.ui.AuthControllerTest]: AuthControllerTest does not declare any static, non-private, non-final, nested classes annotated with @Configuration.
?[2m2024-05-24T19:46:12.846+09:00?[0;39m ?[32m INFO?[0;39m ?[35m87756?[0;39m ?[2m---?[0;39m ?[2m[wanted-market] [    Test worker]?[0;39m ?[2m?[0;39m?[36m.b.t.c.SpringBootTestContextBootstrapper?[0;39m ?[2m:?[0;39m Found @SpringBootConfiguration com.example.wantedmarket.WantedMarketApplication for test class com.example.wantedmarket.auth.ui.AuthControllerTest

  .   ____          _            __ _ _
 /\\ / ___'_ __ _ _(_)_ __  __ _ \ \ \ \
( ( )\___ | '_ | '_| | '_ \/ _` | \ \ \ \
 \\/  ___)| |_)| | | | | || (_| |  ) ) ) )
  '  |____| .__|_| |_|_| |_\__, | / / / /
 =========|_|==============|___/=/_/_/_/
?[32m :: Spring Boot :: ?[39m              ?[2m (v3.2.5)?[0;39m

?[2m2024-05-24T19:46:12.878+09:00?[0;39m ?[32m INFO?[0;39m ?[35m87756?[0;39m ?[2m---?[0;39m ?[2m[wanted-market] [    Test worker]?[0;39m ?[2m?[0;39m?[36mc.e.w.auth.ui.AuthControllerTest        ?[0;39m ?[2m:?[0;39m Starting AuthControllerTest using Java 22.0.1 with PID 87756 (started by wlsh in /Users/wlsh/Desktop/study/원티드 프리온보딩 백엔드/wanted-market)
?[2m2024-05-24T19:46:12.879+09:00?[0;39m ?[32m INFO?[0;39m ?[35m87756?[0;39m ?[2m---?[0;39m ?[2m[wanted-market] [    Test worker]?[0;39m ?[2m?[0;39m?[36mc.e.w.auth.ui.AuthControllerTest        ?[0;39m ?[2m:?[0;39m The following 1 profile is active: "test"
?[2m2024-05-24T19:46:13.606+09:00?[0;39m ?[32m INFO?[0;39m ?[35m87756?[0;39m ?[2m---?[0;39m ?[2m[wanted-market] [    Test worker]?[0;39m ?[2m?[0;39m?[36mo.s.b.t.m.w.SpringBootMockServletContext?[0;39m ?[2m:?[0;39m Initializing Spring TestDispatcherServlet ''
?[2m2024-05-24T19:46:13.607+09:00?[0;39m ?[32m INFO?[0;39m ?[35m87756?[0;39m ?[2m---?[0;39m ?[2m[wanted-market] [    Test worker]?[0;39m ?[2m?[0;39m?[36mo.s.t.web.servlet.TestDispatcherServlet ?[0;39m ?[2m:?[0;39m Initializing Servlet ''
?[2m2024-05-24T19:46:13.610+09:00?[0;39m ?[32m INFO?[0;39m ?[35m87756?[0;39m ?[2m---?[0;39m ?[2m[wanted-market] [    Test worker]?[0;39m ?[2m?[0;39m?[36mo.s.t.web.servlet.TestDispatcherServlet ?[0;39m ?[2m:?[0;39m Completed initialization in 1 ms
?[2m2024-05-24T19:46:13.630+09:00?[0;39m ?[32m INFO?[0;39m ?[35m87756?[0;39m ?[2m---?[0;39m ?[2m[wanted-market] [    Test worker]?[0;39m ?[2m?[0;39m?[36mc.e.w.auth.ui.AuthControllerTest        ?[0;39m ?[2m:?[0;39m Started AuthControllerTest in 0.781 seconds (process running for 11.195)
]]></system-out>
  <system-err><![CDATA[]]></system-err>
</testsuite>
