<?xml version="1.0" encoding="UTF-8"?>
<testsuite name="com.example.wantedmarket.product.domain.ProductTest" tests="5" skipped="0" failures="0" errors="0" timestamp="2024-05-24T10:46:14" hostname="kimjinho-MacBookAir.local" time="0.006">
  <properties/>
  <testcase name="제품을 생성하면 첫 상태는 판매중이어야 함" classname="com.example.wantedmarket.product.domain.ProductTest" time="0.0"/>
  <testcase name="제품 가격이 음수이면 안 됨" classname="com.example.wantedmarket.product.domain.ProductTest" time="0.001"/>
  <testcase name="제품 이름이 공백이면 안 됨" classname="com.example.wantedmarket.product.domain.ProductTest" time="0.001"/>
  <testcase name="유저가 null이면 안 됨" classname="com.example.wantedmarket.product.domain.ProductTest" time="0.001"/>
  <testcase name="제품 이름이 null이면 안 됨" classname="com.example.wantedmarket.product.domain.ProductTest" time="0.001"/>
  <system-out><![CDATA[]]></system-out>
  <system-err><![CDATA[]]></system-err>
</testsuite>
