<?xml version="1.0" encoding="UTF-8"?>
<testsuite name="com.example.wantedmarket.WantedMarketApplicationTests" tests="1" skipped="0" failures="0" errors="0" timestamp="2024-05-24T10:46:11" hostname="kimjinho-MacBookAir.local" time="0.697">
  <properties/>
  <testcase name="contextLoads()" classname="com.example.wantedmarket.WantedMarketApplicationTests" time="0.697"/>
  <system-out><![CDATA[19:46:04.333 [Test worker] INFO org.springframework.test.context.support.AnnotationConfigContextLoaderUtils -- Could not detect default configuration classes for test class [com.example.wantedmarket.WantedMarketApplicationTests]: WantedMarketApplicationTests does not declare any static, non-private, non-final, nested classes annotated with @Configuration.
19:46:04.860 [Test worker] INFO org.springframework.boot.test.context.SpringBootTestContextBootstrapper -- Found @SpringBootConfiguration com.example.wantedmarket.WantedMarketApplication for test class com.example.wantedmarket.WantedMarketApplicationTests

  .   ____          _            __ _ _
 /\\ / ___'_ __ _ _(_)_ __  __ _ \ \ \ \
( ( )\___ | '_ | '_| | '_ \/ _` | \ \ \ \
 \\/  ___)| |_)| | | | | || (_| |  ) ) ) )
  '  |____| .__|_| |_|_| |_\__, | / / / /
 =========|_|==============|___/=/_/_/_/
?[32m :: Spring Boot :: ?[39m              ?[2m (v3.2.5)?[0;39m

?[2m2024-05-24T19:46:06.242+09:00?[0;39m ?[32m INFO?[0;39m ?[35m87756?[0;39m ?[2m---?[0;39m ?[2m[wanted-market] [    Test worker]?[0;39m ?[2m?[0;39m?[36mc.e.w.WantedMarketApplicationTests      ?[0;39m ?[2m:?[0;39m Starting WantedMarketApplicationTests using Java 22.0.1 with PID 87756 (started by wlsh in /Users/wlsh/Desktop/study/원티드 프리온보딩 백엔드/wanted-market)
?[2m2024-05-24T19:46:06.244+09:00?[0;39m ?[32m INFO?[0;39m ?[35m87756?[0;39m ?[2m---?[0;39m ?[2m[wanted-market] [    Test worker]?[0;39m ?[2m?[0;39m?[36mc.e.w.WantedMarketApplicationTests      ?[0;39m ?[2m:?[0;39m The following 1 profile is active: "test"
?[2m2024-05-24T19:46:07.290+09:00?[0;39m ?[32m INFO?[0;39m ?[35m87756?[0;39m ?[2m---?[0;39m ?[2m[wanted-market] [    Test worker]?[0;39m ?[2m?[0;39m?[36m.s.d.r.c.RepositoryConfigurationDelegate?[0;39m ?[2m:?[0;39m Bootstrapping Spring Data JPA repositories in DEFAULT mode.
?[2m2024-05-24T19:46:07.397+09:00?[0;39m ?[32m INFO?[0;39m ?[35m87756?[0;39m ?[2m---?[0;39m ?[2m[wanted-market] [    Test worker]?[0;39m ?[2m?[0;39m?[36m.s.d.r.c.RepositoryConfigurationDelegate?[0;39m ?[2m:?[0;39m Finished Spring Data repository scanning in 98 ms. Found 3 JPA repository interfaces.
?[2m2024-05-24T19:46:07.961+09:00?[0;39m ?[32m INFO?[0;39m ?[35m87756?[0;39m ?[2m---?[0;39m ?[2m[wanted-market] [    Test worker]?[0;39m ?[2m?[0;39m?[36mcom.zaxxer.hikari.HikariDataSource      ?[0;39m ?[2m:?[0;39m HikariPool-1 - Starting...
?[2m2024-05-24T19:46:08.267+09:00?[0;39m ?[32m INFO?[0;39m ?[35m87756?[0;39m ?[2m---?[0;39m ?[2m[wanted-market] [    Test worker]?[0;39m ?[2m?[0;39m?[36mcom.zaxxer.hikari.pool.HikariPool       ?[0;39m ?[2m:?[0;39m HikariPool-1 - Added connection conn0: url=jdbc:h2:mem:6dbf689a-8697-4e10-a296-17502d0c74b5 user=SA
?[2m2024-05-24T19:46:08.268+09:00?[0;39m ?[32m INFO?[0;39m ?[35m87756?[0;39m ?[2m---?[0;39m ?[2m[wanted-market] [    Test worker]?[0;39m ?[2m?[0;39m?[36mcom.zaxxer.hikari.HikariDataSource      ?[0;39m ?[2m:?[0;39m HikariPool-1 - Start completed.
?[2m2024-05-24T19:46:08.338+09:00?[0;39m ?[32m INFO?[0;39m ?[35m87756?[0;39m ?[2m---?[0;39m ?[2m[wanted-market] [    Test worker]?[0;39m ?[2m?[0;39m?[36mo.hibernate.jpa.internal.util.LogHelper ?[0;39m ?[2m:?[0;39m HHH000204: Processing PersistenceUnitInfo [name: default]
?[2m2024-05-24T19:46:08.438+09:00?[0;39m ?[32m INFO?[0;39m ?[35m87756?[0;39m ?[2m---?[0;39m ?[2m[wanted-market] [    Test worker]?[0;39m ?[2m?[0;39m?[36morg.hibernate.Version                   ?[0;39m ?[2m:?[0;39m HHH000412: Hibernate ORM core version 6.4.4.Final
?[2m2024-05-24T19:46:08.481+09:00?[0;39m ?[32m INFO?[0;39m ?[35m87756?[0;39m ?[2m---?[0;39m ?[2m[wanted-market] [    Test worker]?[0;39m ?[2m?[0;39m?[36mo.h.c.internal.RegionFactoryInitiator   ?[0;39m ?[2m:?[0;39m HHH000026: Second-level cache disabled
?[2m2024-05-24T19:46:08.728+09:00?[0;39m ?[32m INFO?[0;39m ?[35m87756?[0;39m ?[2m---?[0;39m ?[2m[wanted-market] [    Test worker]?[0;39m ?[2m?[0;39m?[36mo.s.o.j.p.SpringPersistenceUnitInfo     ?[0;39m ?[2m:?[0;39m No LoadTimeWeaver setup: ignoring JPA class transformer
?[2m2024-05-24T19:46:10.224+09:00?[0;39m ?[32m INFO?[0;39m ?[35m87756?[0;39m ?[2m---?[0;39m ?[2m[wanted-market] [    Test worker]?[0;39m ?[2m?[0;39m?[36mo.h.e.t.j.p.i.JtaPlatformInitiator      ?[0;39m ?[2m:?[0;39m HHH000489: No JTA platform available (set 'hibernate.transaction.jta.platform' to enable JTA platform integration)
?[2m2024-05-24T19:46:10.287+09:00?[0;39m ?[32m INFO?[0;39m ?[35m87756?[0;39m ?[2m---?[0;39m ?[2m[wanted-market] [    Test worker]?[0;39m ?[2m?[0;39m?[36mj.LocalContainerEntityManagerFactoryBean?[0;39m ?[2m:?[0;39m Initialized JPA EntityManagerFactory for persistence unit 'default'
?[2m2024-05-24T19:46:11.034+09:00?[0;39m ?[33m WARN?[0;39m ?[35m87756?[0;39m ?[2m---?[0;39m ?[2m[wanted-market] [    Test worker]?[0;39m ?[2m?[0;39m?[36mJpaBaseConfiguration$JpaWebConfiguration?[0;39m ?[2m:?[0;39m spring.jpa.open-in-view is enabled by default. Therefore, database queries may be performed during view rendering. Explicitly configure spring.jpa.open-in-view to disable this warning
?[2m2024-05-24T19:46:11.603+09:00?[0;39m ?[32m INFO?[0;39m ?[35m87756?[0;39m ?[2m---?[0;39m ?[2m[wanted-market] [    Test worker]?[0;39m ?[2m?[0;39m?[36mc.e.w.WantedMarketApplicationTests      ?[0;39m ?[2m:?[0;39m Started WantedMarketApplicationTests in 6.096 seconds (process running for 9.167)
]]></system-out>
  <system-err><![CDATA[WARNING: A Java agent has been loaded dynamically (/Users/wlsh/.gradle/caches/modules-2/files-2.1/net.bytebuddy/byte-buddy-agent/1.14.13/979ce25f7d3096a2e82214ba7dc972a05ce7a171/byte-buddy-agent-1.14.13.jar)
WARNING: If a serviceability tool is in use, please run with -XX:+EnableDynamicAgentLoading to hide this warning
WARNING: If a serviceability tool is not in use, please run with -Djdk.instrument.traceUsage for more information
WARNING: Dynamic loading of agents will be disallowed by default in a future release
]]></system-err>
</testsuite>
