<?xml version="1.0" encoding="UTF-8"?>
<testsuite name="com.example.wantedmarket.user.domain.UserTest" tests="2" skipped="0" failures="0" errors="0" timestamp="2024-05-24T10:46:14" hostname="kimjinho-MacBookAir.local" time="0.002">
  <properties/>
  <testcase name="유저 이름이 공백이면 안 됨" classname="com.example.wantedmarket.user.domain.UserTest" time="0.001"/>
  <testcase name="유저 이름이 null이면 안 됨" classname="com.example.wantedmarket.user.domain.UserTest" time="0.001"/>
  <system-out><![CDATA[]]></system-out>
  <system-err><![CDATA[]]></system-err>
</testsuite>
