<?xml version="1.0" encoding="UTF-8"?>
<testsuite name="com.example.wantedmarket.product.application.ProductServiceTest" tests="5" skipped="0" failures="0" errors="0" timestamp="2024-05-24T10:46:13" hostname="kimjinho-MacBookAir.local" time="0.144">
  <properties/>
  <testcase name="없는 제품 상세조회를 하면 예외가 발생해야 함" classname="com.example.wantedmarket.product.application.ProductServiceTest" time="0.024"/>
  <testcase name="제품 상세조회를 해야 함" classname="com.example.wantedmarket.product.application.ProductServiceTest" time="0.043"/>
  <testcase name="없는 유저가 제품을 등록할 경우 예외가 발생해야 함" classname="com.example.wantedmarket.product.application.ProductServiceTest" time="0.015"/>
  <testcase name="제품을 등록해야 함" classname="com.example.wantedmarket.product.application.ProductServiceTest" time="0.018"/>
  <testcase name="제품 목록을 조회해야 함" classname="com.example.wantedmarket.product.application.ProductServiceTest" time="0.037"/>
  <system-out><![CDATA[?[2m2024-05-24T19:46:13.882+09:00?[0;39m ?[32m INFO?[0;39m ?[35m87756?[0;39m ?[2m---?[0;39m ?[2m[wanted-market] [    Test worker]?[0;39m ?[2m?[0;39m?[36mt.c.s.AnnotationConfigContextLoaderUtils?[0;39m ?[2m:?[0;39m Could not detect default configuration classes for test class [com.example.wantedmarket.product.application.ProductServiceTest]: ProductServiceTest does not declare any static, non-private, non-final, nested classes annotated with @Configuration.
?[2m2024-05-24T19:46:13.899+09:00?[0;39m ?[32m INFO?[0;39m ?[35m87756?[0;39m ?[2m---?[0;39m ?[2m[wanted-market] [    Test worker]?[0;39m ?[2m?[0;39m?[36m.b.t.c.SpringBootTestContextBootstrapper?[0;39m ?[2m:?[0;39m Found @SpringBootConfiguration com.example.wantedmarket.WantedMarketApplication for test class com.example.wantedmarket.product.application.ProductServiceTest
]]></system-out>
  <system-err><![CDATA[]]></system-err>
</testsuite>
